Started at Thu Sep 10 06:49:35 UTC 2020
Processing forked_TmVueStore
Offering forked_TmVueStore to Project Build Discarder
Processing pipeline-test
Offering pipeline-test to Project Build Discarder
Processing private-trigger
Offering private-trigger to Project Build Discarder
Processing TmVueStore_push_trigger_testing
Offering TmVueStore_push_trigger_testing to Project Build Discarder
Finished at Thu Sep 10 06:49:35 UTC 2020. 12ms
Started at Thu Sep 10 07:49:35 UTC 2020
Processing forked_TmVueStore
Offering forked_TmVueStore to Project Build Discarder
Processing pipeline-test
Offering pipeline-test to Project Build Discarder
Processing private-trigger
Offering private-trigger to Project Build Discarder
Processing TmVueStore_push_trigger_testing
Offering TmVueStore_push_trigger_testing to Project Build Discarder
Finished at Thu Sep 10 07:49:35 UTC 2020. 2ms
Started at Thu Sep 10 08:49:35 UTC 2020
Processing forked_TmVueStore
Offering forked_TmVueStore to Project Build Discarder
Processing pipeline-test
Offering pipeline-test to Project Build Discarder
Processing private-trigger
Offering private-trigger to Project Build Discarder
Processing TmVueStore_push_trigger_testing
Offering TmVueStore_push_trigger_testing to Project Build Discarder
Finished at Thu Sep 10 08:49:35 UTC 2020. 1ms
Started at Thu Sep 10 09:49:35 UTC 2020
Processing forked_TmVueStore
Offering forked_TmVueStore to Project Build Discarder
Processing pipeline-test
Offering pipeline-test to Project Build Discarder
Processing private-trigger
Offering private-trigger to Project Build Discarder
Processing TmVueStore_push_trigger_testing
Offering TmVueStore_push_trigger_testing to Project Build Discarder
Finished at Thu Sep 10 09:49:35 UTC 2020. 1ms
Started at Thu Sep 10 10:49:35 UTC 2020
Processing forked_TmVueStore
Offering forked_TmVueStore to Project Build Discarder
Processing pipeline-test
Offering pipeline-test to Project Build Discarder
Processing private-trigger
Offering private-trigger to Project Build Discarder
Processing TmVueStore_push_trigger_testing
Offering TmVueStore_push_trigger_testing to Project Build Discarder
Finished at Thu Sep 10 10:49:35 UTC 2020. 2ms
Started at Thu Sep 10 11:49:35 UTC 2020
Processing forked_TmVueStore
Offering forked_TmVueStore to Project Build Discarder
Processing pipeline-test
Offering pipeline-test to Project Build Discarder
Processing private-trigger
Offering private-trigger to Project Build Discarder
Processing TmVueStore_push_trigger_testing
Offering TmVueStore_push_trigger_testing to Project Build Discarder
Finished at Thu Sep 10 11:49:35 UTC 2020. 1ms
Started at Thu Sep 10 12:49:35 UTC 2020
Processing forked_TmVueStore
Offering forked_TmVueStore to Project Build Discarder
Processing pipeline-test
Offering pipeline-test to Project Build Discarder
Processing private-trigger
Offering private-trigger to Project Build Discarder
Processing TmVueStore_push_trigger_testing
Offering TmVueStore_push_trigger_testing to Project Build Discarder
Finished at Thu Sep 10 12:49:35 UTC 2020. 1ms
Started at Thu Sep 10 13:49:35 UTC 2020
Processing forked_TmVueStore
Offering forked_TmVueStore to Project Build Discarder
Processing pipeline-test
Offering pipeline-test to Project Build Discarder
Processing private-trigger
Offering private-trigger to Project Build Discarder
Processing TmVueStore_push_trigger_testing
Offering TmVueStore_push_trigger_testing to Project Build Discarder
Finished at Thu Sep 10 13:49:35 UTC 2020. 1ms
Started at Thu Sep 10 14:49:35 UTC 2020
Processing forked_TmVueStore
Offering forked_TmVueStore to Project Build Discarder
Processing pipeline-test
Offering pipeline-test to Project Build Discarder
Processing private-trigger
Offering private-trigger to Project Build Discarder
Processing TmVueStore_push_trigger_testing
Offering TmVueStore_push_trigger_testing to Project Build Discarder
Finished at Thu Sep 10 14:49:35 UTC 2020. 1ms
Started at Thu Sep 10 15:49:35 UTC 2020
Processing forked_TmVueStore
Offering forked_TmVueStore to Project Build Discarder
Processing pipeline-test
Offering pipeline-test to Project Build Discarder
Processing private-trigger
Offering private-trigger to Project Build Discarder
Processing TmVueStore_push_trigger_testing
Offering TmVueStore_push_trigger_testing to Project Build Discarder
Finished at Thu Sep 10 15:49:35 UTC 2020. 1ms
Started at Thu Sep 10 16:49:35 UTC 2020
Processing forked_TmVueStore
Offering forked_TmVueStore to Project Build Discarder
Processing pipeline-test
Offering pipeline-test to Project Build Discarder
Processing private-trigger
Offering private-trigger to Project Build Discarder
Processing TmVueStore_push_trigger_testing
Offering TmVueStore_push_trigger_testing to Project Build Discarder
Finished at Thu Sep 10 16:49:35 UTC 2020. 1ms
